<?xml version="1.0" encoding="UTF-8"?>
<testng-results skipped="0" failed="0" ignored="0" total="1" passed="1">
  <reporter-output>
  </reporter-output>
  <suite name="Default suite" duration-ms="41452" started-at="2020-09-28T08:30:26Z" finished-at="2020-09-28T08:31:07Z">
    <groups>
    </groups>
    <test name="Default test" duration-ms="41452" started-at="2020-09-28T08:30:26Z" finished-at="2020-09-28T08:31:07Z">
      <class name="spicejet.NewTest">
        <test-method status="PASS" signature="f()[pri:0, instance:spicejet.NewTest@36f0f1be]" name="f" duration-ms="41372" started-at="2020-09-28T08:30:26Z" finished-at="2020-09-28T08:31:07Z">
          <reporter-output>
          </reporter-output>
        </test-method> <!-- f -->
      </class> <!-- spicejet.NewTest -->
    </test> <!-- Default test -->
  </suite> <!-- Default suite -->
</testng-results>
